SunnyDemo/build/outputs/logs/manifest-merger-release-report.txt
-- Merging decision tree log ---
manifest
ADDED from SunnyDemoProjectNewest\SunnyDemo\AndroidManifest.xml:2:1-211:12
	package
		ADDED from SunnyDemoProjectNewest\SunnyDemo\AndroidManifest.xml:4:5-49
		INJECTED from SunnyDemoProjectNewest\SunnyDemo\AndroidManifest.xml
		INJECTED from SunnyDemoProjectNewest\SunnyDemo\AndroidManifest.xml
	android:versionName
		INJECTED from SunnyDemoProjectNewest\SunnyDemo\AndroidManifest.xml
		INJECTED from SunnyDemoProjectNewest\SunnyDemo\AndroidManifest.xml
	xmlns:tools
		ADDED from SunnyDemoProjectNewest\SunnyDemo\AndroidManifest.xml:3:5-51
	xmlns:android
		ADDED from SunnyDemoProjectNewest\SunnyDemo\AndroidManifest.xml:2:11-69
	android:versionCode
		INJECTED from SunnyDemoProjectNewest\SunnyDemo\AndroidManifest.xml
		INJECTED from SunnyDemoProjectNewest\SunnyDemo\AndroidManifest.xml
uses-permission#android.permission.BLUETOOTH
ADDED from SunnyDemoProjectNewest\SunnyDemo\AndroidManifest.xml:6:5-67
	android:name
		ADDED from SunnyDemoProjectNewest\SunnyDemo\AndroidManifest.xml:6:22-65
uses-permission#android.permission.BLUETOOTH_PRIVILEGED
ADDED from SunnyDemoProjectNewest\SunnyDemo\AndroidManifest.xml:7:5-78
	android:name
		ADDED from SunnyDemoProjectNewest\SunnyDemo\AndroidManifest.xml:7:22-76
uses-permission#android.permission.BLUETOOTH_ADMIN
ADDED from SunnyDemoProjectNewest\SunnyDemo\AndroidManifest.xml:8:5-73
	android:name
		ADDED from SunnyDemoProjectNewest\SunnyDemo\AndroidManifest.xml:8:22-71
uses-permission#android.permission.READ_PHONE_STATE
ADDED from SunnyDemoProjectNewest\SunnyDemo\AndroidManifest.xml:9:5-74
	android:name
		ADDED from SunnyDemoProjectNewest\SunnyDemo\AndroidManifest.xml:9:22-72
uses-permission#android.permission.READ_SMS
ADDED from SunnyDemoProjectNewest\SunnyDemo\AndroidManifest.xml:10:5-66
	android:name
		ADDED from SunnyDemoProjectNewest\SunnyDemo\AndroidManifest.xml:10:22-64
uses-permission#android.permission.INTERNET
ADDED from SunnyDemoProjectNewest\SunnyDemo\AndroidManifest.xml:11:5-66
MERGED from [:fabric:] AndroidManifest.xml:25:5-67
	android:name
		ADDED from SunnyDemoProjectNewest\SunnyDemo\AndroidManifest.xml:11:22-64
uses-permission#android.permission.ACCESS_WIFI_STATE
ADDED from SunnyDemoProjectNewest\SunnyDemo\AndroidManifest.xml:12:5-76
	android:name
		ADDED from SunnyDemoProjectNewest\SunnyDemo\AndroidManifest.xml:12:22-73
uses-permission#android.permission.ACCESS_NETWORK_STATE
ADDED from SunnyDemoProjectNewest\SunnyDemo\AndroidManifest.xml:13:5-79
	android:name
		ADDED from SunnyDemoProjectNewest\SunnyDemo\AndroidManifest.xml:13:22-76
uses-permission#android.permission.READ_EXTERNAL_STORAGE
ADDED from SunnyDemoProjectNewest\SunnyDemo\AndroidManifest.xml:14:5-79
	android:name
		ADDED from SunnyDemoProjectNewest\SunnyDemo\AndroidManifest.xml:14:22-77
uses-permission#android.permission.WRITE_EXTERNAL_STORAGE
ADDED from SunnyDemoProjectNewest\SunnyDemo\AndroidManifest.xml:15:5-80
	android:name
		ADDED from SunnyDemoProjectNewest\SunnyDemo\AndroidManifest.xml:15:22-78
uses-permission#android.permission.VIBRATE
ADDED from SunnyDemoProjectNewest\SunnyDemo\AndroidManifest.xml:17:5-65
	android:name
		ADDED from SunnyDemoProjectNewest\SunnyDemo\AndroidManifest.xml:17:22-63
uses-permission#android.permission.BROADCAST_PACKAGE_ADDED
ADDED from SunnyDemoProjectNewest\SunnyDemo\AndroidManifest.xml:18:5-81
	android:name
		ADDED from SunnyDemoProjectNewest\SunnyDemo\AndroidManifest.xml:18:22-79
uses-permission#android.permission.BROADCAST_PACKAGE_CHANGED
ADDED from SunnyDemoProjectNewest\SunnyDemo\AndroidManifest.xml:19:5-83
	android:name
		ADDED from SunnyDemoProjectNewest\SunnyDemo\AndroidManifest.xml:19:22-81
uses-permission#android.permission.BROADCAST_PACKAGE_INSTALL
ADDED from SunnyDemoProjectNewest\SunnyDemo\AndroidManifest.xml:20:5-83
	android:name
		ADDED from SunnyDemoProjectNewest\SunnyDemo\AndroidManifest.xml:20:22-81
uses-permission#android.permission.BROADCAST_PACKAGE_REPLACED
ADDED from SunnyDemoProjectNewest\SunnyDemo\AndroidManifest.xml:21:5-84
	android:name
		ADDED from SunnyDemoProjectNewest\SunnyDemo\AndroidManifest.xml:21:22-82
uses-permission#android.permission.RESTART_PACKAGES
ADDED from SunnyDemoProjectNewest\SunnyDemo\AndroidManifest.xml:22:5-74
	android:name
		ADDED from SunnyDemoProjectNewest\SunnyDemo\AndroidManifest.xml:22:22-72
permission#com.smartbracelet.sunny.sunnydemo2.permission.MIPUSH_RECEIVE
ADDED from SunnyDemoProjectNewest\SunnyDemo\AndroidManifest.xml:24:5-26:55
	android:protectionLevel
		ADDED from SunnyDemoProjectNewest\SunnyDemo\AndroidManifest.xml:26:9-52
	android:name
		ADDED from SunnyDemoProjectNewest\SunnyDemo\AndroidManifest.xml:25:9-84
uses-permission#com.smartbracelet.sunny.sunnydemo2.permission.MIPUSH_RECEIVE
ADDED from SunnyDemoProjectNewest\SunnyDemo\AndroidManifest.xml:28:5-100
	android:name
		ADDED from SunnyDemoProjectNewest\SunnyDemo\AndroidManifest.xml:28:22-97
uses-permission#android.permission.UPDATE_APP_OPS_STATS
ADDED from SunnyDemoProjectNewest\SunnyDemo\AndroidManifest.xml:30:5-78
	android:name
		ADDED from SunnyDemoProjectNewest\SunnyDemo\AndroidManifest.xml:30:22-76
application
ADDED from SunnyDemoProjectNewest\SunnyDemo\AndroidManifest.xml:33:5-209:19
MERGED from [com.android.common:FrescoSupport:1.0.0] AndroidManifest.xml:11:5-14:19
MERGED from [com.android.support:support-v4:23.1.1] AndroidManifest.xml:22:5-20
MERGED from [com.android.support:support-v4:23.1.1] AndroidManifest.xml:22:5-20
MERGED from [com.android.support:support-v4:23.1.1] AndroidManifest.xml:22:5-20
MERGED from [com.android.support:cardview-v7:23.1.1] AndroidManifest.xml:22:5-20
MERGED from [com.linsea:opendanmaku:1.0.0] AndroidManifest.xml:11:5-12:19
MERGED from [:fabric:] AndroidManifest.xml:27:5-20
MERGED from [com.android.support:support-v4:23.1.1] AndroidManifest.xml:22:5-20
MERGED from [com.android.support:support-v4:23.1.1] AndroidManifest.xml:22:5-20
	android:label
		ADDED from SunnyDemoProjectNewest\SunnyDemo\AndroidManifest.xml:36:9-41
	android:supportsRtl
		ADDED from SunnyDemoProjectNewest\SunnyDemo\AndroidManifest.xml:37:9-35
	android:allowBackup
		ADDED from SunnyDemoProjectNewest\SunnyDemo\AndroidManifest.xml:34:9-35
	android:icon
		ADDED from SunnyDemoProjectNewest\SunnyDemo\AndroidManifest.xml:35:9-45
	android:theme
		ADDED from SunnyDemoProjectNewest\SunnyDemo\AndroidManifest.xml:39:9-49
		REJECTED from [com.android.common:FrescoSupport:1.0.0] AndroidManifest.xml:13:9-40
	tools:replace
		ADDED from SunnyDemoProjectNewest\SunnyDemo\AndroidManifest.xml:40:9-43
	android:name
		ADDED from SunnyDemoProjectNewest\SunnyDemo\AndroidManifest.xml:38:9-49
activity#sunnydemo2.StartActivity
ADDED from SunnyDemoProjectNewest\SunnyDemo\AndroidManifest.xml:41:9-51:20
	android:label
		ADDED from SunnyDemoProjectNewest\SunnyDemo\AndroidManifest.xml:43:13-45
	android:launchMode
		ADDED from SunnyDemoProjectNewest\SunnyDemo\AndroidManifest.xml:45:13-44
	android:theme
		ADDED from SunnyDemoProjectNewest\SunnyDemo\AndroidManifest.xml:44:13-56
	android:name
		ADDED from SunnyDemoProjectNewest\SunnyDemo\AndroidManifest.xml:42:13-52
intent-filter#android.intent.action.MAIN+android.intent.category.LAUNCHER
ADDED from SunnyDemoProjectNewest\SunnyDemo\AndroidManifest.xml:46:13-50:29
action#android.intent.action.MAIN
ADDED from SunnyDemoProjectNewest\SunnyDemo\AndroidManifest.xml:47:17-69
	android:name
		ADDED from SunnyDemoProjectNewest\SunnyDemo\AndroidManifest.xml:47:25-66
category#android.intent.category.LAUNCHER
ADDED from SunnyDemoProjectNewest\SunnyDemo\AndroidManifest.xml:49:17-77
	android:name
		ADDED from SunnyDemoProjectNewest\SunnyDemo\AndroidManifest.xml:49:27-74
activity#sunnydemo2.network.XutilsNetWorkActivity
ADDED from SunnyDemoProjectNewest\SunnyDemo\AndroidManifest.xml:53:9-76
	android:name
		ADDED from SunnyDemoProjectNewest\SunnyDemo\AndroidManifest.xml:53:19-74
activity#sunnydemo2.network.OkHttpNetWorkActivity
ADDED from SunnyDemoProjectNewest\SunnyDemo\AndroidManifest.xml:54:9-76
	android:name
		ADDED from SunnyDemoProjectNewest\SunnyDemo\AndroidManifest.xml:54:19-74
activity#sunnydemo2.ad.MainActivity
ADDED from SunnyDemoProjectNewest\SunnyDemo\AndroidManifest.xml:56:9-62
	android:name
		ADDED from SunnyDemoProjectNewest\SunnyDemo\AndroidManifest.xml:56:19-60
activity#sunnydemo2.ad.ComprassViewActivity
ADDED from SunnyDemoProjectNewest\SunnyDemo\AndroidManifest.xml:57:9-70
	android:name
		ADDED from SunnyDemoProjectNewest\SunnyDemo\AndroidManifest.xml:57:19-68
activity#sunnydemo2.ad.TextLinkifyActivity
ADDED from SunnyDemoProjectNewest\SunnyDemo\AndroidManifest.xml:58:9-69
	android:name
		ADDED from SunnyDemoProjectNewest\SunnyDemo\AndroidManifest.xml:58:19-67
activity#sunnydemo2.ad.ui.activitystartmode.ActivityA
ADDED from SunnyDemoProjectNewest\SunnyDemo\AndroidManifest.xml:60:9-61:46
	android:launchMode
		ADDED from SunnyDemoProjectNewest\SunnyDemo\AndroidManifest.xml:61:13-44
	android:name
		ADDED from SunnyDemoProjectNewest\SunnyDemo\AndroidManifest.xml:60:19-78
activity#sunnydemo2.ad.ui.activitystartmode.ActivityB
ADDED from SunnyDemoProjectNewest\SunnyDemo\AndroidManifest.xml:62:9-63:45
	android:launchMode
		ADDED from SunnyDemoProjectNewest\SunnyDemo\AndroidManifest.xml:63:13-43
	android:name
		ADDED from SunnyDemoProjectNewest\SunnyDemo\AndroidManifest.xml:62:19-78
activity#sunnydemo2.ad.ui.activitystartmode.ActivityC
ADDED from SunnyDemoProjectNewest\SunnyDemo\AndroidManifest.xml:64:9-65:50
	android:launchMode
		ADDED from SunnyDemoProjectNewest\SunnyDemo\AndroidManifest.xml:65:13-48
	android:name
		ADDED from SunnyDemoProjectNewest\SunnyDemo\AndroidManifest.xml:64:19-78
activity#sunnydemo2.ad.ui.activitystartmode.ActivityD
ADDED from SunnyDemoProjectNewest\SunnyDemo\AndroidManifest.xml:66:9-80
	android:name
		ADDED from SunnyDemoProjectNewest\SunnyDemo\AndroidManifest.xml:66:19-78
activity#sunnydemo2.ad.ui.activitystartmode.ActivityE
ADDED from SunnyDemoProjectNewest\SunnyDemo\AndroidManifest.xml:67:9-80
	android:name
		ADDED from SunnyDemoProjectNewest\SunnyDemo\AndroidManifest.xml:67:19-78
activity#sunnydemo2.ad.ui.activitystartmode.ActivityStartMode
ADDED from SunnyDemoProjectNewest\SunnyDemo\AndroidManifest.xml:68:9-88
	android:name
		ADDED from SunnyDemoProjectNewest\SunnyDemo\AndroidManifest.xml:68:19-86
activity#sunnydemo2.ad.ui.ble.SunnyBLEActivity
ADDED from SunnyDemoProjectNewest\SunnyDemo\AndroidManifest.xml:69:9-73
	android:name
		ADDED from SunnyDemoProjectNewest\SunnyDemo\AndroidManifest.xml:69:19-71
activity#sunnydemo2.ad.ui.CarouselADActivity
ADDED from SunnyDemoProjectNewest\SunnyDemo\AndroidManifest.xml:70:9-71
	android:name
		ADDED from SunnyDemoProjectNewest\SunnyDemo\AndroidManifest.xml:70:19-69
activity#sunnydemo2.ad.ui.newproperties.NewPropertiesActivity
ADDED from SunnyDemoProjectNewest\SunnyDemo\AndroidManifest.xml:71:9-88
	android:name
		ADDED from SunnyDemoProjectNewest\SunnyDemo\AndroidManifest.xml:71:19-86
activity#sunnydemo2.ad.ui.newproperties.PullToRefreshLayout
ADDED from SunnyDemoProjectNewest\SunnyDemo\AndroidManifest.xml:72:9-86
	android:name
		ADDED from SunnyDemoProjectNewest\SunnyDemo\AndroidManifest.xml:72:19-84
activity#sunnydemo2.ad.ui.view.VerticalViewPagerActivity
ADDED from SunnyDemoProjectNewest\SunnyDemo\AndroidManifest.xml:73:9-83
	android:name
		ADDED from SunnyDemoProjectNewest\SunnyDemo\AndroidManifest.xml:73:19-81
activity#sunnydemo2.bargraph.BarGraphActivity
ADDED from SunnyDemoProjectNewest\SunnyDemo\AndroidManifest.xml:76:9-72
	android:name
		ADDED from SunnyDemoProjectNewest\SunnyDemo\AndroidManifest.xml:76:19-70
activity#sunnydemo2.bargraph.CurveChartActivity
ADDED from SunnyDemoProjectNewest\SunnyDemo\AndroidManifest.xml:77:9-74
	android:name
		ADDED from SunnyDemoProjectNewest\SunnyDemo\AndroidManifest.xml:77:19-72
activity#sunnydemo2.bargraph.DivisionCircle2Activity
ADDED from SunnyDemoProjectNewest\SunnyDemo\AndroidManifest.xml:78:9-79
	android:name
		ADDED from SunnyDemoProjectNewest\SunnyDemo\AndroidManifest.xml:78:19-77
activity#sunnydemo2.bargraph.DivisionCircleActivity
ADDED from SunnyDemoProjectNewest\SunnyDemo\AndroidManifest.xml:79:9-78
	android:name
		ADDED from SunnyDemoProjectNewest\SunnyDemo\AndroidManifest.xml:79:19-76
activity#sunnydemo2.androidl.AndroidLActivity
ADDED from SunnyDemoProjectNewest\SunnyDemo\AndroidManifest.xml:82:9-72
	android:name
		ADDED from SunnyDemoProjectNewest\SunnyDemo\AndroidManifest.xml:82:19-70
activity#sunnydemo2.androidl.TintActivity
ADDED from SunnyDemoProjectNewest\SunnyDemo\AndroidManifest.xml:83:9-68
	android:name
		ADDED from SunnyDemoProjectNewest\SunnyDemo\AndroidManifest.xml:83:19-66
activity#sunnydemo2.androidl.CardViewActivity
ADDED from SunnyDemoProjectNewest\SunnyDemo\AndroidManifest.xml:84:9-72
	android:name
		ADDED from SunnyDemoProjectNewest\SunnyDemo\AndroidManifest.xml:84:19-70
activity#sunnydemo2.androidl.PaletteActivity
ADDED from SunnyDemoProjectNewest\SunnyDemo\AndroidManifest.xml:85:9-71
	android:name
		ADDED from SunnyDemoProjectNewest\SunnyDemo\AndroidManifest.xml:85:19-69
activity#sunnydemo2.androidl.RippleDrawableActivity
ADDED from SunnyDemoProjectNewest\SunnyDemo\AndroidManifest.xml:86:9-78
	android:name
		ADDED from SunnyDemoProjectNewest\SunnyDemo\AndroidManifest.xml:86:19-76
activity#sunnydemo2.androidl.ToolbarActivity
ADDED from SunnyDemoProjectNewest\SunnyDemo\AndroidManifest.xml:87:9-71
	android:name
		ADDED from SunnyDemoProjectNewest\SunnyDemo\AndroidManifest.xml:87:19-69
activity#sunnydemo2.androidl.TestPrefeerenceActivity
ADDED from SunnyDemoProjectNewest\SunnyDemo\AndroidManifest.xml:88:9-79
	android:name
		ADDED from SunnyDemoProjectNewest\SunnyDemo\AndroidManifest.xml:88:19-77
activity#sunnydemo2.imageloader.PictureLoaderFrameActivity
ADDED from SunnyDemoProjectNewest\SunnyDemo\AndroidManifest.xml:93:9-85
	android:name
		ADDED from SunnyDemoProjectNewest\SunnyDemo\AndroidManifest.xml:93:19-83
activity#sunnydemo2.imageloader.ImageLoaderActivity
ADDED from SunnyDemoProjectNewest\SunnyDemo\AndroidManifest.xml:94:9-78
	android:name
		ADDED from SunnyDemoProjectNewest\SunnyDemo\AndroidManifest.xml:94:19-76
activity#sunnydemo2.imageloader.FrescoActivity
ADDED from SunnyDemoProjectNewest\SunnyDemo\AndroidManifest.xml:95:9-73
	android:name
		ADDED from SunnyDemoProjectNewest\SunnyDemo\AndroidManifest.xml:95:19-71
activity#sunnydemo2.imageloader.GlideActivity
ADDED from SunnyDemoProjectNewest\SunnyDemo\AndroidManifest.xml:96:9-72
	android:name
		ADDED from SunnyDemoProjectNewest\SunnyDemo\AndroidManifest.xml:96:19-70
activity#sunnydemo2.imageloader.SunnyImageLoaderActivity
ADDED from SunnyDemoProjectNewest\SunnyDemo\AndroidManifest.xml:97:9-83
	android:name
		ADDED from SunnyDemoProjectNewest\SunnyDemo\AndroidManifest.xml:97:19-81
activity#sunnydemo2.imageloader.ChoosePictureActivity
ADDED from SunnyDemoProjectNewest\SunnyDemo\AndroidManifest.xml:98:9-80
	android:name
		ADDED from SunnyDemoProjectNewest\SunnyDemo\AndroidManifest.xml:98:19-78
activity#sunnydemo2.imagetext.ImageTextActivity
ADDED from SunnyDemoProjectNewest\SunnyDemo\AndroidManifest.xml:101:9-74
	android:name
		ADDED from SunnyDemoProjectNewest\SunnyDemo\AndroidManifest.xml:101:19-72
activity#sunnydemo2.rxjava.RxJavaActivity
ADDED from SunnyDemoProjectNewest\SunnyDemo\AndroidManifest.xml:103:9-68
	android:name
		ADDED from SunnyDemoProjectNewest\SunnyDemo\AndroidManifest.xml:103:19-66
activity#sunnydemo2.pulltofresh.SunnyPullToFreshActivity
ADDED from SunnyDemoProjectNewest\SunnyDemo\AndroidManifest.xml:106:9-83
	android:name
		ADDED from SunnyDemoProjectNewest\SunnyDemo\AndroidManifest.xml:106:19-81
activity#sunnydemo2.sharesdk.SunnyShareActivity
ADDED from SunnyDemoProjectNewest\SunnyDemo\AndroidManifest.xml:109:9-114:20
	android:name
		ADDED from SunnyDemoProjectNewest\SunnyDemo\AndroidManifest.xml:109:19-72
intent-filter#android.intent.category.DEFAULT+com.sina.weibo.sdk.action.ACTION_SDK_REQ_ACTIVITY
ADDED from SunnyDemoProjectNewest\SunnyDemo\AndroidManifest.xml:110:13-113:29
action#com.sina.weibo.sdk.action.ACTION_SDK_REQ_ACTIVITY
ADDED from SunnyDemoProjectNewest\SunnyDemo\AndroidManifest.xml:111:17-92
	android:name
		ADDED from SunnyDemoProjectNewest\SunnyDemo\AndroidManifest.xml:111:25-89
category#android.intent.category.DEFAULT
ADDED from SunnyDemoProjectNewest\SunnyDemo\AndroidManifest.xml:112:17-76
	android:name
		ADDED from SunnyDemoProjectNewest\SunnyDemo\AndroidManifest.xml:112:27-73
activity#sunnydemo2.danmuku.DanmuKuActivity
ADDED from SunnyDemoProjectNewest\SunnyDemo\AndroidManifest.xml:117:9-70
	android:name
		ADDED from SunnyDemoProjectNewest\SunnyDemo\AndroidManifest.xml:117:19-68
activity#sunnydemo2.tts.TTSActivity
ADDED from SunnyDemoProjectNewest\SunnyDemo\AndroidManifest.xml:120:9-62
	android:name
		ADDED from SunnyDemoProjectNewest\SunnyDemo\AndroidManifest.xml:120:19-60
activity#sunnydemo2.tts.RecognizerIntentActivity
ADDED from SunnyDemoProjectNewest\SunnyDemo\AndroidManifest.xml:121:9-75
	android:name
		ADDED from SunnyDemoProjectNewest\SunnyDemo\AndroidManifest.xml:121:19-73
activity#sunnydemo2.mvp.presenter.LoginAtyPresenter
ADDED from SunnyDemoProjectNewest\SunnyDemo\AndroidManifest.xml:124:9-78
	android:name
		ADDED from SunnyDemoProjectNewest\SunnyDemo\AndroidManifest.xml:124:19-76
activity#sunnydemo2.plugin.GrabRedpacketActivity
ADDED from SunnyDemoProjectNewest\SunnyDemo\AndroidManifest.xml:127:9-75
	android:name
		ADDED from SunnyDemoProjectNewest\SunnyDemo\AndroidManifest.xml:127:19-73
service#sunnydemo2.plugin.GrabRedpacketService
ADDED from SunnyDemoProjectNewest\SunnyDemo\AndroidManifest.xml:128:9-137:19
	android:permission
		ADDED from SunnyDemoProjectNewest\SunnyDemo\AndroidManifest.xml:129:18-84
	android:name
		ADDED from SunnyDemoProjectNewest\SunnyDemo\AndroidManifest.xml:128:18-71
intent-filter#android.accessibilityservice.AccessibilityService
ADDED from SunnyDemoProjectNewest\SunnyDemo\AndroidManifest.xml:130:13-132:29
action#android.accessibilityservice.AccessibilityService
ADDED from SunnyDemoProjectNewest\SunnyDemo\AndroidManifest.xml:131:17-91
	android:name
		ADDED from SunnyDemoProjectNewest\SunnyDemo\AndroidManifest.xml:131:25-89
meta-data#android.accessibilityservice
ADDED from SunnyDemoProjectNewest\SunnyDemo\AndroidManifest.xml:134:13-135:79
	android:resource
		ADDED from SunnyDemoProjectNewest\SunnyDemo\AndroidManifest.xml:135:24-77
	android:name
		ADDED from SunnyDemoProjectNewest\SunnyDemo\AndroidManifest.xml:134:24-67
service#sunnydemo2.plugin.GrabRedpacketNotificationService
ADDED from SunnyDemoProjectNewest\SunnyDemo\AndroidManifest.xml:138:9-143:19
	android:permission
		ADDED from SunnyDemoProjectNewest\SunnyDemo\AndroidManifest.xml:139:18-92
	android:name
		ADDED from SunnyDemoProjectNewest\SunnyDemo\AndroidManifest.xml:138:18-83
intent-filter#android.service.notification.NotificationListenerService
ADDED from SunnyDemoProjectNewest\SunnyDemo\AndroidManifest.xml:140:13-142:29
action#android.service.notification.NotificationListenerService
ADDED from SunnyDemoProjectNewest\SunnyDemo\AndroidManifest.xml:141:17-99
	android:name
		ADDED from SunnyDemoProjectNewest\SunnyDemo\AndroidManifest.xml:141:25-96
activity#com.smartbracelet.sunny.sunnydemo2.wxapi.WXEntryActivity
ADDED from SunnyDemoProjectNewest\SunnyDemo\AndroidManifest.xml:148:9-153:75
	android:screenOrientation
		ADDED from SunnyDemoProjectNewest\SunnyDemo\AndroidManifest.xml:152:13-49
	android:exported
		ADDED from SunnyDemoProjectNewest\SunnyDemo\AndroidManifest.xml:151:13-36
	android:configChanges
		ADDED from SunnyDemoProjectNewest\SunnyDemo\AndroidManifest.xml:150:13-63
	android:theme
		ADDED from SunnyDemoProjectNewest\SunnyDemo\AndroidManifest.xml:153:13-72
	android:name
		ADDED from SunnyDemoProjectNewest\SunnyDemo\AndroidManifest.xml:149:13-50
activity#com.tencent.connect.common.AssistActivity
ADDED from SunnyDemoProjectNewest\SunnyDemo\AndroidManifest.xml:155:9-159:75
	android:screenOrientation
		ADDED from SunnyDemoProjectNewest\SunnyDemo\AndroidManifest.xml:158:13-49
	android:configChanges
		ADDED from SunnyDemoProjectNewest\SunnyDemo\AndroidManifest.xml:157:13-63
	android:theme
		ADDED from SunnyDemoProjectNewest\SunnyDemo\AndroidManifest.xml:159:13-72
	android:name
		ADDED from SunnyDemoProjectNewest\SunnyDemo\AndroidManifest.xml:156:13-69
activity#com.tencent.tauth.AuthActivity
ADDED from SunnyDemoProjectNewest\SunnyDemo\AndroidManifest.xml:160:9-175:20
	android:screenOrientation
		ADDED from SunnyDemoProjectNewest\SunnyDemo\AndroidManifest.xml:164:13-49
	android:launchMode
		ADDED from SunnyDemoProjectNewest\SunnyDemo\AndroidManifest.xml:162:13-44
	android:noHistory
		ADDED from SunnyDemoProjectNewest\SunnyDemo\AndroidManifest.xml:163:13-37
	android:name
		ADDED from SunnyDemoProjectNewest\SunnyDemo\AndroidManifest.xml:161:13-58
intent-filter#android.intent.action.VIEW+android.intent.category.BROWSABLE+android.intent.category.DEFAULT
ADDED from SunnyDemoProjectNewest\SunnyDemo\AndroidManifest.xml:165:13-174:29
action#android.intent.action.VIEW
ADDED from SunnyDemoProjectNewest\SunnyDemo\AndroidManifest.xml:166:17-69
	android:name
		ADDED from SunnyDemoProjectNewest\SunnyDemo\AndroidManifest.xml:166:25-66
category#android.intent.category.BROWSABLE
ADDED from SunnyDemoProjectNewest\SunnyDemo\AndroidManifest.xml:169:17-78
	android:name
		ADDED from SunnyDemoProjectNewest\SunnyDemo\AndroidManifest.xml:169:27-75
data
ADDED from SunnyDemoProjectNewest\SunnyDemo\AndroidManifest.xml:172:17-60
	android:scheme
		ADDED from SunnyDemoProjectNewest\SunnyDemo\AndroidManifest.xml:172:23-57
activity#com.sina.weibo.sdk.component.WeiboSdkBrowser
ADDED from SunnyDemoProjectNewest\SunnyDemo\AndroidManifest.xml:178:9-183:58
	android:screenOrientation
		ADDED from SunnyDemoProjectNewest\SunnyDemo\AndroidManifest.xml:182:13-49
	android:exported
		ADDED from SunnyDemoProjectNewest\SunnyDemo\AndroidManifest.xml:181:13-37
	android:windowSoftInputMode
		ADDED from SunnyDemoProjectNewest\SunnyDemo\AndroidManifest.xml:183:13-55
	android:configChanges
		ADDED from SunnyDemoProjectNewest\SunnyDemo\AndroidManifest.xml:180:13-63
	android:name
		ADDED from SunnyDemoProjectNewest\SunnyDemo\AndroidManifest.xml:179:13-72
service#com.sina.weibo.sdk.net.DownloadService
ADDED from SunnyDemoProjectNewest\SunnyDemo\AndroidManifest.xml:185:9-187:40
	android:exported
		ADDED from SunnyDemoProjectNewest\SunnyDemo\AndroidManifest.xml:187:13-37
	android:name
		ADDED from SunnyDemoProjectNewest\SunnyDemo\AndroidManifest.xml:186:13-66
service#sunnydemo2.service.SunnyService
ADDED from SunnyDemoProjectNewest\SunnyDemo\AndroidManifest.xml:190:9-193:19
	android:enabled
		ADDED from SunnyDemoProjectNewest\SunnyDemo\AndroidManifest.xml:191:13-35
	android:permission
		ADDED from SunnyDemoProjectNewest\SunnyDemo\AndroidManifest.xml:192:13-64
	android:name
		ADDED from SunnyDemoProjectNewest\SunnyDemo\AndroidManifest.xml:190:18-64
meta-data#io.fabric.ApiKey
ADDED from SunnyDemoProjectNewest\SunnyDemo\AndroidManifest.xml:196:9-198:72
	android:value
		ADDED from SunnyDemoProjectNewest\SunnyDemo\AndroidManifest.xml:198:13-69
	android:name
		ADDED from SunnyDemoProjectNewest\SunnyDemo\AndroidManifest.xml:197:13-44
meta-data#WeixinAppID
ADDED from SunnyDemoProjectNewest\SunnyDemo\AndroidManifest.xml:202:9-204:15
	android:value
		ADDED from SunnyDemoProjectNewest\SunnyDemo\AndroidManifest.xml:203:13-47
	android:name
		ADDED from SunnyDemoProjectNewest\SunnyDemo\AndroidManifest.xml:202:20-46
meta-data#SinaAppID
ADDED from SunnyDemoProjectNewest\SunnyDemo\AndroidManifest.xml:205:9-206:40
	android:value
		ADDED from SunnyDemoProjectNewest\SunnyDemo\AndroidManifest.xml:206:13-38
	android:name
		ADDED from SunnyDemoProjectNewest\SunnyDemo\AndroidManifest.xml:205:20-44
meta-data#QQID
ADDED from SunnyDemoProjectNewest\SunnyDemo\AndroidManifest.xml:207:9-208:41
	android:value
		ADDED from SunnyDemoProjectNewest\SunnyDemo\AndroidManifest.xml:208:13-39
	android:name
		ADDED from SunnyDemoProjectNewest\SunnyDemo\AndroidManifest.xml:207:20-39
uses-sdk
INJECTED from SunnyDemoProjectNewest\SunnyDemo\AndroidManifest.xml reason: use-sdk injection requested
MERGED from [com.android.support:multidex:1.0.1] AndroidManifest.xml:18:5-42
MERGED from [com.android.support:multidex:1.0.1] AndroidManifest.xml:18:5-42
MERGED from [com.android.common:FrescoSupport:1.0.0] AndroidManifest.xml:7:5-9:41
MERGED from [com.facebook.fresco:fresco:0.5.0] AndroidManifest.xml:5:5-7:41
MERGED from [com.facebook.fresco:drawee:0.5.0] AndroidManifest.xml:5:5-7:41
MERGED from [com.android.support:support-v4:23.1.1] AndroidManifest.xml:20:5-43
MERGED from [com.facebook.fresco:fbcore:0.5.0] AndroidManifest.xml:5:5-7:41
MERGED from [com.facebook.fresco:fbcore:0.5.0] AndroidManifest.xml:5:5-7:41
MERGED from [com.facebook.fresco:imagepipeline:0.5.0] AndroidManifest.xml:5:5-7:41
MERGED from [com.android.support:support-v4:23.1.1] AndroidManifest.xml:20:5-43
MERGED from [com.facebook.fresco:fbcore:0.5.0] AndroidManifest.xml:5:5-7:41
MERGED from [com.android.support:recyclerview-v7:23.1.1] AndroidManifest.xml:20:5-43
MERGED from [com.android.support:support-v4:23.1.1] AndroidManifest.xml:20:5-43
MERGED from [com.android.support:cardview-v7:23.1.1] AndroidManifest.xml:20:5-43
MERGED from [io.reactivex:rxandroid:1.1.0] AndroidManifest.xml:19:5-43
MERGED from [com.linsea:opendanmaku:1.0.0] AndroidManifest.xml:7:5-9:41
MERGED from [com.android.common:ShareSDK:1.2.12-SNAPSHOT] AndroidManifest.xml:7:5-9:41
MERGED from [com.android.support:multidex:1.0.1] AndroidManifest.xml:18:5-42
MERGED from [:fabric:] AndroidManifest.xml:23:5-43
MERGED from [com.android.databinding:library:1.0-rc5] AndroidManifest.xml:22:5-24:41
MERGED from [com.android.support:support-v4:23.1.1] AndroidManifest.xml:20:5-43
MERGED from [com.android.databinding:adapters:1.0-rc5] AndroidManifest.xml:22:5-24:41
MERGED from [com.android.databinding:library:1.0-rc5] AndroidManifest.xml:22:5-24:41
MERGED from [com.android.support:support-v4:23.1.1] AndroidManifest.xml:20:5-43
	android:targetSdkVersion
		INJECTED from SunnyDemoProjectNewest\SunnyDemo\AndroidManifest.xml
		INJECTED from SunnyDemoProjectNewest\SunnyDemo\AndroidManifest.xml
	android:minSdkVersion
		INJECTED from SunnyDemoProjectNewest\SunnyDemo\AndroidManifest.xml
		INJECTED from SunnyDemoProjectNewest\SunnyDemo\AndroidManifest.xml